<?xml version="1.0" encoding="UTF-8"?>
<testsuite xmlns:xsi="http://www.w3.org/2001/XMLSchema-instance" xsi:noNamespaceSchemaLocation="https://maven.apache.org/surefire/maven-surefire-plugin/xsd/surefire-test-report-3.0.xsd" version="3.0" name="org.phoebus.shift.client.ShiftClientTest" time="2.232" tests="9" errors="0" skipped="0" failures="0">
  <properties>
[...]
</properties>
  <testcase name="getShift_ignoresUnknownFields" classname="org.phoebus.shift.client.ShiftClientTest" time="0.565">
    <system-err><![CDATA[SLF4J: Failed to load class "org.slf4j.impl.StaticLoggerBinder".
SLF4J: Defaulting to no-operation (NOP) logger implementation
SLF4J: See http://www.slf4j.org/codes.html#StaticLoggerBinder for further details.
]]></system-err>
  </testcase>
  <testcase name="listTypes_returnsAllTypes" classname="org.phoebus.shift.client.ShiftClientTest" time="0.024"/>
  <testcase name="getShift_serviceError_throwsException" classname="org.phoebus.shift.client.ShiftClientTest" time="0.025"/>
  <testcase name="basicAuth_sentOnRequests" classname="org.phoebus.shift.client.ShiftClientTest" time="0.047"/>
  <testcase name="listShifts_returnsAllShifts" classname="org.phoebus.shift.client.ShiftClientTest" time="0.032"/>
  <testcase name="listShifts_emptyResponse" classname="org.phoebus.shift.client.ShiftClientTest" time="0.025"/>
  <testcase name="getShift_returnsActiveShift" classname="org.phoebus.shift.client.ShiftClientTest" time="0.024"/>
  <testcase name="getShift_returns404_givesNull" classname="org.phoebus.shift.client.ShiftClientTest" time="0.018"/>
  <testcase name="listShifts_404_returnsEmptyList" classname="org.phoebus.shift.client.ShiftClientTest" time="0.013"/>
</testsuite>